<?xml version="1.0" encoding="utf-8"?>
<!DOCTYPE hibernate-configuration PUBLIC
"-//Hibernate/Hibernate Configuration DTD 3.0//EN"
"http://hibernate.sourceforge.net/hibernate-configuration-3.0.dtd">
<hibernate-configuration>
	<session-factory>

		<property name="hibernate.connection.url">jdbc:oracle:thin:@192.168.202.170:1521:paspay1</property>
		<property name="hibernate.connection.username">sadeghi</property>
		<property name="hibernate.connection.password">sadeghi</property>

		<property name="hibernate.dialect">org.hibernate.dialect.Oracle10gDialect</property>
		<property name="hibernate.hbm2ddl.auto">none</property>

		<property name="hibernate.current_session_context_class">thread</property>
		<!-- <property name="hibernate.connection.provider_class">org.hibernate.connection.C3P0ConnectionProvider</property> -->

		
		<mapping class="ir.iot.ubique.common.device.Device" />
		<mapping class="ir.iot.ubique.common.device.MqttDevice" />
		<mapping class="ir.iot.ubique.common.message.Message" />
		<mapping class="ir.iot.ubique.common.message.MqttMessage" />
		<mapping class="ir.iot.ubique.common.message.JsonMessage" />

	</session-factory>
</hibernate-configuration>
